<?xml version="1.0" encoding="UTF-8"?>
<!-- Generated by org.testng.reporters.JUnitXMLReporter -->
<testsuite hostname="AV-H8MY0V3" ignored="11" name="SalesCloud_Automation" tests="1" failures="0" timestamp="2024-03-14T21:56:32 IST" time="222.389" errors="0">
  <testcase name="TestCase190_UStoCANCustomDutyCalculated_DeminimusThresholdMet_IORYes_HSCode" time="204.299" classname="TestCases.FunctionalAndRegression.CrossBorder"/>
  <testcase name="TestCase180_CustomDutyCalculated_DeminimusThresholdMet_IORYes_HSCode" time="0.0" classname="TestCases.FunctionalAndRegression.CrossBorder">
    <ignored/>
  </testcase> <!-- TestCase180_CustomDutyCalculated_DeminimusThresholdMet_IORYes_HSCode -->
  <testcase name="TestCase185_CustomDutyNotCalculated_DeminimusThresholdMet_IORYes_NoHSCode" time="0.0" classname="TestCases.FunctionalAndRegression.CrossBorder">
    <ignored/>
  </testcase> <!-- TestCase185_CustomDutyNotCalculated_DeminimusThresholdMet_IORYes_NoHSCode -->
  <testcase name="TestCase189_UStoFRCustomDutyCalculated_DeminimusThresholdMet_IORYes_HSCode" time="0.0" classname="TestCases.FunctionalAndRegression.CrossBorder">
    <ignored/>
  </testcase> <!-- TestCase189_UStoFRCustomDutyCalculated_DeminimusThresholdMet_IORYes_HSCode -->
  <testcase name="TestCase187_UStoUSCustomNotDutyCalculated_DeminimusThresholdMet_IORYes_HSCode" time="0.0" classname="TestCases.FunctionalAndRegression.CrossBorder">
    <ignored/>
  </testcase> <!-- TestCase187_UStoUSCustomNotDutyCalculated_DeminimusThresholdMet_IORYes_HSCode -->
  <testcase name="TestCase182_CustomDutyCalculated_DeminimusThresholdNotMet_IORYes_HSCode" time="0.0" classname="TestCases.FunctionalAndRegression.CrossBorder">
    <ignored/>
  </testcase> <!-- TestCase182_CustomDutyCalculated_DeminimusThresholdNotMet_IORYes_HSCode -->
  <testcase name="TestCase186_EUtoEUCustomNotDutyCalculated_DeminimusThresholdMet_IORYes_HSCode" time="0.0" classname="TestCases.FunctionalAndRegression.CrossBorder">
    <ignored/>
  </testcase> <!-- TestCase186_EUtoEUCustomNotDutyCalculated_DeminimusThresholdMet_IORYes_HSCode -->
  <testcase name="TestCase188_UStoUKCustomDutyCalculated_DeminimusThresholdMet_IORYes_HSCode" time="0.0" classname="TestCases.FunctionalAndRegression.CrossBorder">
    <ignored/>
  </testcase> <!-- TestCase188_UStoUKCustomDutyCalculated_DeminimusThresholdMet_IORYes_HSCode -->
  <testcase name="TestCase191_CustomDutyCalculated_DeminimusThresholdMet_IORYes_HSCode_TaxcodePB500000" time="0.0" classname="TestCases.FunctionalAndRegression.CrossBorder">
    <ignored/>
  </testcase> <!-- TestCase191_CustomDutyCalculated_DeminimusThresholdMet_IORYes_HSCode_TaxcodePB500000 -->
  <testcase name="TestCase181_CustomDutyCalculated_DeminimusThresholdMet_IORYes_ProductCategory" time="0.0" classname="TestCases.FunctionalAndRegression.CrossBorder">
    <ignored/>
  </testcase> <!-- TestCase181_CustomDutyCalculated_DeminimusThresholdMet_IORYes_ProductCategory -->
  <testcase name="TestCase183_CustomDutyCalculated_DeminimusThresholdMet_IORNo_HSCode" time="0.0" classname="TestCases.FunctionalAndRegression.CrossBorder">
    <ignored/>
  </testcase> <!-- TestCase183_CustomDutyCalculated_DeminimusThresholdMet_IORNo_HSCode -->
  <testcase name="TestCase184_CustomDutyCalculated_DeminimusThresholdNotMet_IORNo_HSCode" time="0.0" classname="TestCases.FunctionalAndRegression.CrossBorder">
    <ignored/>
  </testcase> <!-- TestCase184_CustomDutyCalculated_DeminimusThresholdNotMet_IORNo_HSCode -->
</testsuite> <!-- SalesCloud_Automation -->
