<?xml version="1.0" encoding="UTF-8"?>
<!-- Generated by org.testng.reporters.JUnitXMLReporter -->
<testsuite hostname="AV-PN-NEHAP" ignored="0" name="ErrorMessageDisplayed" tests="3" failures="0" timestamp="07 Jan 2021 15:27:06 GMT" time="447.297" errors="0">
  <testcase name="TestCase80_EnableTaxCalc_WithInvalidShipToAddressOpportunities" time="60.258" classname="TestCases.Regression.ErrorMessageDisplayed"/>
  <testcase name="TestCase81_EnableTaxCalc_WithInvalidShipToAddressQuotes" time="163.734" classname="TestCases.Regression.ErrorMessageDisplayed"/>
  <testcase name="TestCase82_EnableTaxCalc_WithInvalidShipToAddressOrders" time="204.085" classname="TestCases.Regression.ErrorMessageDisplayed"/>
</testsuite> <!-- ErrorMessageDisplayed -->
