<?xml version="1.0" encoding="UTF-8"?>
<!-- Generated by org.testng.reporters.JUnitXMLReporter -->
<testsuite hostname="AV-PN-NEHAP" ignored="0" name="MISC_Charges" tests="2" failures="0" timestamp="08 Jan 2021 07:06:54 GMT" time="157.27" errors="0">
  <testcase name="TestCase100_Shipping_Charges" time="68.205" classname="TestCases.Regression.MISC_Charges"/>
  <testcase name="TestCase101_Shipping_Handling_with_Freight_code" time="69.182" classname="TestCases.Regression.MISC_Charges"/>
</testsuite> <!-- MISC_Charges -->
