<?xml version="1.0" encoding="UTF-8"?>
<!-- Generated by org.testng.reporters.JUnitXMLReporter -->
<testsuite hostname="Av-Pn-Neha" ignored="0" name="SalesForce_EntityUseCode" tests="2" failures="0" timestamp="11 Dec 2018 06:02:44 GMT" time="256.052" errors="0">
  <testcase name="TestCase110_EntityUseCode_A_TaxCalculation" time="129.681" classname="TestCases.Regression.SalesForce_EntityUseCode"/>
  <testcase name="TestCase111_EntityUseCode_B_TaxCalculation" time="116.28" classname="TestCases.Regression.SalesForce_EntityUseCode"/>
</testsuite> <!-- SalesForce_EntityUseCode -->
