<?xml version="1.0" encoding="UTF-8"?>
<!-- Generated by org.testng.reporters.JUnitXMLReporter -->
<testsuite hostname="Av-Pn-Neha" ignored="2" tests="0" failures="0" timestamp="18 Oct 2019 05:03:28 GMT" time="0.0" errors="0">
  <testcase name="TestCase113_Exemption_SpecialChar_TaxCalculation" time="0.0" classname="TestCases.Regression.ExemptionNumber">
    <ignored/>
  </testcase> <!-- TestCase113_Exemption_SpecialChar_TaxCalculation -->
  <testcase name="TestCase112_Exemption_Number_TaxCalculation" time="0.0" classname="TestCases.Regression.ExemptionNumber">
    <ignored/>
  </testcase> <!-- TestCase112_Exemption_Number_TaxCalculation -->
</testsuite>
