<?xml version="1.0" encoding="UTF-8"?>
<!-- Generated by org.testng.reporters.JUnitXMLReporter -->
<testsuite hostname="Av-Pn-Neha" ignored="0" name="SalesForce_CreateWorkflowForTaxCalc_Prerequisites" tests="1" failures="0" timestamp="05 Aug 2018 13:15:43 GMT" time="297.562" errors="0">
  <testcase name="fCreateWorkFlow_Opportunities_Quotes_Orders" time="288.586" classname="TestCases.Regression.SalesForce_CreateWorkflowForTaxCalc_Prerequisites"/>
</testsuite> <!-- SalesForce_CreateWorkflowForTaxCalc_Prerequisites -->
