<?xml version="1.0" encoding="UTF-8"?>
<!-- Generated by org.testng.reporters.JUnitXMLReporter -->
<testsuite hostname="Av-Pn-Neha" ignored="15" name="SalesForce_AddressValidation" tests="1" failures="0" timestamp="20 May 2019 10:08:38 GMT" time="57.635" errors="0">
  <testcase name="testCaseC1586475_AddressValidation_WithDisableAddressSettings_MyTestProjecteXAMPLEConfiguration" time="49.09" classname="TestCases.Regression.SalesForce_AddressValidation"/>
  <testcase name="TestCase72_AddressValidation_WithInvalidAddress_ACcs" time="0.0" classname="TestCases.Regression.SalesForce_AddressValidation">
    <ignored/>
  </testcase> <!-- TestCase72_AddressValidation_WithInvalidAddress_ACcs -->
  <testcase name="TestCase65_AddressValidation_WithDisableAddressSettings_MyTestProjecteXAMPLEConfiguration" time="0.0" classname="TestCases.Regression.SalesForce_AddressValidation">
    <ignored/>
  </testcase> <!-- TestCase65_AddressValidation_WithDisableAddressSettings_MyTestProjecteXAMPLEConfiguration -->
  <testcase name="TestCase67_AddressValidation_WithDisableAddressSettings_ACcs" time="0.0" classname="TestCases.Regression.SalesForce_AddressValidation">
    <ignored/>
  </testcase> <!-- TestCase67_AddressValidation_WithDisableAddressSettings_ACcs -->
  <testcase name="TestCase62_AddressValidation_ValidAddress_ACcs" time="0.0" classname="TestCases.Regression.SalesForce_AddressValidation">
    <ignored/>
  </testcase> <!-- TestCase62_AddressValidation_ValidAddress_ACcs -->
  <testcase name="TestCase69_AddressValidation_WithDisableAddressSettings_Orders" time="0.0" classname="TestCases.Regression.SalesForce_AddressValidation">
    <ignored/>
  </testcase> <!-- TestCase69_AddressValidation_WithDisableAddressSettings_Orders -->
  <testcase name="TestCase73_AddressValidation_WithInvalidAddress_Quotes" time="0.0" classname="TestCases.Regression.SalesForce_AddressValidation">
    <ignored/>
  </testcase> <!-- TestCase73_AddressValidation_WithInvalidAddress_Quotes -->
  <testcase name="TestCaseC1586477_AddressValidation_WithInvalidShippingAddress_MyTestProjecteXAMPLEConfiguration" time="0.0" classname="TestCases.Regression.SalesForce_AddressValidation">
    <ignored/>
  </testcase> <!-- TestCaseC1586477_AddressValidation_WithInvalidShippingAddress_MyTestProjecteXAMPLEConfiguration -->
  <testcase name="TestCase70_AddressValidation_WithInvalidAddress_MyTestProjecteXAMPLEConfiguration" time="0.0" classname="TestCases.Regression.SalesForce_AddressValidation">
    <ignored/>
  </testcase> <!-- TestCase70_AddressValidation_WithInvalidAddress_MyTestProjecteXAMPLEConfiguration -->
  <testcase name="TestCaseC1586478_AddressValidation_WithBlankShipFromAddress_MyTestProjecteXAMPLEConfiguration" time="0.0" classname="TestCases.Regression.SalesForce_AddressValidation">
    <ignored/>
  </testcase> <!-- TestCaseC1586478_AddressValidation_WithBlankShipFromAddress_MyTestProjecteXAMPLEConfiguration -->
  <testcase name="TestCase63_AddressValidation_ValidAddress_Quotes" time="0.0" classname="TestCases.Regression.SalesForce_AddressValidation">
    <ignored/>
  </testcase> <!-- TestCase63_AddressValidation_ValidAddress_Quotes -->
  <testcase name="testCaseC1586474_Addressvalidation_ValidShippingAddress_MyTestProjecteXAMPLEConfiguration" time="0.0" classname="TestCases.Regression.SalesForce_AddressValidation">
    <ignored/>
  </testcase> <!-- testCaseC1586474_Addressvalidation_ValidShippingAddress_MyTestProjecteXAMPLEConfiguration -->
  <testcase name="TestCase60_AddressValidation_ValidAddress_MyTestProjecteXAMPLEConfiguration" time="0.0" classname="TestCases.Regression.SalesForce_AddressValidation">
    <ignored/>
  </testcase> <!-- TestCase60_AddressValidation_ValidAddress_MyTestProjecteXAMPLEConfiguration -->
  <testcase name="TestCase64_AddressValidation_ValidAddress_Orders" time="0.0" classname="TestCases.Regression.SalesForce_AddressValidation">
    <ignored/>
  </testcase> <!-- TestCase64_AddressValidation_ValidAddress_Orders -->
  <testcase name="TestCase74_AddressValidation_WithInvalidAddress_Orders" time="0.0" classname="TestCases.Regression.SalesForce_AddressValidation">
    <ignored/>
  </testcase> <!-- TestCase74_AddressValidation_WithInvalidAddress_Orders -->
  <testcase name="TestCase68_AddressValidation_WithDisableAddressSettings_Quotes" time="0.0" classname="TestCases.Regression.SalesForce_AddressValidation">
    <ignored/>
  </testcase> <!-- TestCase68_AddressValidation_WithDisableAddressSettings_Quotes -->
</testsuite> <!-- SalesForce_AddressValidation -->
