<?xml version="1.0" encoding="UTF-8"?>
<!-- Generated by org.testng.reporters.JUnitXMLReporter -->
<testsuite hostname="Av-Pn-Neha" ignored="0" name="SalesForce_3rdPartyTaxCalculation" tests="13" failures="0" timestamp="10 Dec 2018 11:47:40 GMT" time="1598.927" errors="0">
  <testcase name="TestCase150_TestRatesCO1" time="140.448" classname="TestCases.Regression.SalesForce_3rdPartyTaxCalculation"/>
  <testcase name="TestCase151_TestRatesWA2" time="118.581" classname="TestCases.Regression.SalesForce_3rdPartyTaxCalculation"/>
  <testcase name="TestCase152_TypeRule4" time="119.724" classname="TestCases.Regression.SalesForce_3rdPartyTaxCalculation"/>
  <testcase name="TestCase153_TestRatesCA3_TaxCalculationWithMulti_Line" time="139.049" classname="TestCases.Regression.SalesForce_3rdPartyTaxCalculation"/>
  <testcase name="TestCase154_Sourcing10" time="120.026" classname="TestCases.Regression.SalesForce_3rdPartyTaxCalculation"/>
  <testcase name="TestCase155_Sourcing10" time="119.25" classname="TestCases.Regression.SalesForce_3rdPartyTaxCalculation"/>
  <testcase name="TestCase156_TestRatesCO1" time="121.349" classname="TestCases.Regression.SalesForce_3rdPartyTaxCalculation"/>
  <testcase name="TestCase157_TestRatesCO1" time="118.559" classname="TestCases.Regression.SalesForce_3rdPartyTaxCalculation"/>
  <testcase name="TestCase158_TestRatesCO1" time="118.83" classname="TestCases.Regression.SalesForce_3rdPartyTaxCalculation"/>
  <testcase name="TestCase159_Error_generated_case" time="124.333" classname="TestCases.Regression.SalesForce_3rdPartyTaxCalculation"/>
  <testcase name="TestCase160_Tiered_Case" time="117.806" classname="TestCases.Regression.SalesForce_3rdPartyTaxCalculation"/>
  <testcase name="TestCase161_CapsCase" time="118.334" classname="TestCases.Regression.SalesForce_3rdPartyTaxCalculation"/>
  <testcase name="TestCase162_TaxCalcwithExemption" time="111.345" classname="TestCases.Regression.SalesForce_3rdPartyTaxCalculation"/>
</testsuite> <!-- SalesForce_3rdPartyTaxCalculation -->
