<?xml version="1.0" encoding="UTF-8"?>
<!-- Generated by org.testng.reporters.JUnitXMLReporter -->
<testsuite hostname="AV-PN-NEHAP" ignored="0" name="Tax_Override" tests="9" failures="0" timestamp="07 Jan 2021 14:35:13 GMT" time="994.853" errors="0">
  <testcase name="testCaseC1598160_SalesTaxAmountOverride_Opportunity" time="109.544" classname="TestCases.Regression.Tax_Override"/>
  <testcase name="testCaseC1599617_SalesTaxAmountOverride_Quotes" time="122.827" classname="TestCases.Regression.Tax_Override"/>
  <testcase name="testCaseC1600120_SalesTaxAmountOverride_Orders" time="95.463" classname="TestCases.Regression.Tax_Override"/>
  <testcase name="testCaseC1598163_TaxOverrideDisabledAtLine_Opportunity" time="106.89" classname="TestCases.Regression.Tax_Override"/>
  <testcase name="testCaseC1599620_TaxOverrideDisabledAtLine_Quotes" time="122.651" classname="TestCases.Regression.Tax_Override"/>
  <testcase name="testCaseC1600152_TaxOverrideDisabledAtLine_Orders" time="93.007" classname="TestCases.Regression.Tax_Override"/>
  <testcase name="testCaseC1598164_TaxOverrideDisabledAtConfig_Opportunity" time="109.287" classname="TestCases.Regression.Tax_Override"/>
  <testcase name="testCaseC1599621_TaxOverrideDisabledAtConfig_Quotes" time="122.318" classname="TestCases.Regression.Tax_Override"/>
  <testcase name="testCaseC1600153_TaxOverrideDisabledAtConfig_Orders" time="93.523" classname="TestCases.Regression.Tax_Override"/>
</testsuite> <!-- Tax_Override -->
