<?xml version="1.0" encoding="UTF-8"?>
<!-- Generated by org.testng.reporters.JUnitXMLReporter -->
<testsuite hostname="AV-PN-NEHAP" ignored="0" name="TaxCode" tests="2" failures="2" timestamp="07 Jan 2021 15:18:13 GMT" time="222.831" errors="0">
  <testcase name="TestCase40_TaxcodeNT" time="89.092" classname="TestCases.Regression.TaxCode">
    <failure type="java.lang.AssertionError" message="Expected:0.00And Actual:90.00 expected [true] but found [false]">
      <![CDATA[java.lang.AssertionError: Expected:0.00And Actual:90.00 expected [true] but found [false]
at TestCases.Regression.TaxCode.taxCodeValidation(TaxCode.java:101)
at TestCases.Regression.TaxCode.TestCase40_TaxcodeNT(TaxCode.java:62)
... Removed 28 stack frames]]>
    </failure>
  </testcase> <!-- TestCase40_TaxcodeNT -->
  <testcase name="TestCase43_Line1_TC1_Line2_TCFR_MultipleLines" time="113.738" classname="TestCases.Regression.TaxCode">
    <failure type="java.lang.AssertionError" message="Expected:166.20And Actual:176.20 expected [true] but found [false]">
      <![CDATA[java.lang.AssertionError: Expected:166.20And Actual:176.20 expected [true] but found [false]
at TestCases.Regression.TaxCode.taxCodeValidationWithMultiLine(TaxCode.java:171)
at TestCases.Regression.TaxCode.TestCase43_Line1_TC1_Line2_TCFR_MultipleLines(TaxCode.java:77)
... Removed 28 stack frames]]>
    </failure>
  </testcase> <!-- TestCase43_Line1_TC1_Line2_TCFR_MultipleLines -->
</testsuite> <!-- TaxCode -->
