<?xml version="1.0" encoding="UTF-8"?>
<!-- Generated by org.testng.reporters.JUnitXMLReporter -->
<testsuite hostname="Av-Pn-Neha" ignored="3" name="TaxCalculation1" tests="1" failures="0" timestamp="22 Oct 2019 03:54:27 GMT" time="71.888" errors="0">
  <testcase name="TestCaseC1581129_TestConnectionWithInValidcredSandbox" time="23.622" classname="TestCases.Regression.TestMyTestProjecteXAMPLEcred"/>
  <testcase name="TestCaseC1581132_TestConnectionWithWithInvalidcredProduction" time="0.0" classname="TestCases.Regression.TestMyTestProjecteXAMPLEcred">
    <ignored/>
  </testcase> <!-- TestCaseC1581132_TestConnectionWithWithInvalidcredProduction -->
  <testcase name="TestCaseC1581130_C1581150_TestConnectionWithValidACcNumAndLicenceKeySandbox" time="0.0" classname="TestCases.Regression.TestMyTestProjecteXAMPLEcred">
    <ignored/>
  </testcase> <!-- TestCaseC1581130_C1581150_TestConnectionWithValidACcNumAndLicenceKeySandbox -->
  <testcase name="TestCaseC1581131TestConnectionWithValidcredProduction" time="0.0" classname="TestCases.Regression.TestMyTestProjecteXAMPLEcred">
    <ignored/>
  </testcase> <!-- TestCaseC1581131TestConnectionWithValidcredProduction -->
</testsuite> <!-- TaxCalculation1 -->
