<?xml version="1.0" encoding="UTF-8"?>
<!-- Generated by org.testng.reporters.JUnitXMLReporter -->
<testsuite hostname="AV-PN-NEHAP" ignored="15" name="TaxCalculation" tests="1" failures="0" timestamp="15 Jan 2021 11:40:46 GMT" time="222.757" errors="0">
  <testcase name="TestCase1_EnableTaxCalc_ACc_PrimaryShipToAddressUncommit" time="195.793" classname="TestCases.Regression.TaxCalculation"/>
  <testcase name="TestCase12_EnableTaxCalc_ProductCodeGreaterThan60Char" time="0.0" classname="TestCases.Regression.TaxCalculation">
    <ignored/>
  </testcase> <!-- TestCase12_EnableTaxCalc_ProductCodeGreaterThan60Char -->
  <testcase name="TestCase12_EnableTaxCalc_ACcNon_NorthAmericaAddressShipTo" time="0.0" classname="TestCases.Regression.TaxCalculation">
    <ignored/>
  </testcase> <!-- TestCase12_EnableTaxCalc_ACcNon_NorthAmericaAddressShipTo -->
  <testcase name="TestCase10_EnableTaxCalc_ProductWithDescGreaterThan2048Char" time="0.0" classname="TestCases.Regression.TaxCalculation">
    <ignored/>
  </testcase> <!-- TestCase10_EnableTaxCalc_ProductWithDescGreaterThan2048Char -->
  <testcase name="TestCase15_EnableTaxCalc_SalesTaxDetailsfieldValidation" time="0.0" classname="TestCases.Regression.TaxCalculation">
    <ignored/>
  </testcase> <!-- TestCase15_EnableTaxCalc_SalesTaxDetailsfieldValidation -->
  <testcase name="TestCase3_EnableTaxCalc_Quotes_PrimaryBillToAddressUncommit" time="0.0" classname="TestCases.Regression.TaxCalculation">
    <ignored/>
  </testcase> <!-- TestCase3_EnableTaxCalc_Quotes_PrimaryBillToAddressUncommit -->
  <testcase name="TestCase8_EnableTaxCalc_ACc_OnlyShipToAddressUncommit" time="0.0" classname="TestCases.Regression.TaxCalculation">
    <ignored/>
  </testcase> <!-- TestCase8_EnableTaxCalc_ACc_OnlyShipToAddressUncommit -->
  <testcase name="TestCase16_EnableTaxCalc_ACc_PrimaryShipToAddressSalesOrder" time="0.0" classname="TestCases.Regression.TaxCalculation">
    <ignored/>
  </testcase> <!-- TestCase16_EnableTaxCalc_ACc_PrimaryShipToAddressSalesOrder -->
  <testcase name="TestCase13_EnableTaxCalc_ACcNumber_Yes_UseACcNumberForCustIdentification" time="0.0" classname="TestCases.Regression.TaxCalculation">
    <ignored/>
  </testcase> <!-- TestCase13_EnableTaxCalc_ACcNumber_Yes_UseACcNumberForCustIdentification -->
  <testcase name="TestCase6_EnableTaxCalc_ACc_WithMultiLine" time="0.0" classname="TestCases.Regression.TaxCalculation">
    <ignored/>
  </testcase> <!-- TestCase6_EnableTaxCalc_ACc_WithMultiLine -->
  <testcase name="TestCase4_EnableTaxCalc_Order_PrimaryShipToAddressUncommit" time="0.0" classname="TestCases.Regression.TaxCalculation">
    <ignored/>
  </testcase> <!-- TestCase4_EnableTaxCalc_Order_PrimaryShipToAddressUncommit -->
  <testcase name="TestCase9_EnableTaxCalc_ACc_OnlyBillToAddressUncommit" time="0.0" classname="TestCases.Regression.TaxCalculation">
    <ignored/>
  </testcase> <!-- TestCase9_EnableTaxCalc_ACc_OnlyBillToAddressUncommit -->
  <testcase name="TestCase7_EnableTaxCalc_DisableTaxSettings_ACc" time="0.0" classname="TestCases.Regression.TaxCalculation">
    <ignored/>
  </testcase> <!-- TestCase7_EnableTaxCalc_DisableTaxSettings_ACc -->
  <testcase name="TestCase2_EnableTaxCalc_Quotes_PrimaryShipToAddressUncommit" time="0.0" classname="TestCases.Regression.TaxCalculation">
    <ignored/>
  </testcase> <!-- TestCase2_EnableTaxCalc_Quotes_PrimaryShipToAddressUncommit -->
  <testcase name="TestCase14_EnableTaxCalc_ACcNumber_No_UseACcNameForCustIdentification" time="0.0" classname="TestCases.Regression.TaxCalculation">
    <ignored/>
  </testcase> <!-- TestCase14_EnableTaxCalc_ACcNumber_No_UseACcNameForCustIdentification -->
  <testcase name="TestCase5_EnableTaxCalc_Order_PrimaryBillToAddressUncommit" time="0.0" classname="TestCases.Regression.TaxCalculation">
    <ignored/>
  </testcase> <!-- TestCase5_EnableTaxCalc_Order_PrimaryBillToAddressUncommit -->
</testsuite> <!-- TaxCalculation -->
