<?xml version="1.0" encoding="UTF-8"?>
<!-- Generated by org.testng.reporters.JUnitXMLReporter -->
<testsuite hostname="AV-PN-NEHAP" ignored="0" name="ThirdPartyAddressValidation" tests="8" failures="4" timestamp="07 Jan 2021 10:00:38 GMT" time="1598.203" errors="0">
  <testcase name="TestCase162_USAddressValidated" time="155.627" classname="TestCases.Regression.ThirdPartyAddressValidation"/>
  <testcase name="TestCase163_CANAddressValidated" time="157.953" classname="TestCases.Regression.ThirdPartyAddressValidation"/>
  <testcase name="TestCase164_MilitaryAddressValidated" time="157.995" classname="TestCases.Regression.ThirdPartyAddressValidation"/>
  <testcase name="TestCase165_NonUS_NonCANAddress" time="219.447" classname="TestCases.Regression.ThirdPartyAddressValidation">
    <failure type="java.lang.AssertionError" message="The following asserts failed:
	Expected:Error: This country is not supported for address validation. Only US and Canadian addresses can be validated at this time.	And Actual:Line 1: UNIT 23152, City: APO, State/Region: AE, Postal Code: 09067-3152, Country: US expected [true] but found [false],
	Expected:Error: This country is not supported for address validation. Only US and Canadian addresses can be validated at this time.	And Actual:Line 1: UNIT 23152, City: APO, State/Region: AE, Postal Code: 09067-3152, Country: US expected [true] but found [false]">
      <![CDATA[java.lang.AssertionError: The following asserts failed:
Expected:Error: This country is not supported for address validation. Only US and Canadian addresses can be validated at this time.And Actual:Line 1: UNIT 23152, City: APO, State/Region: AE, Postal Code: 09067-3152, Country: US expected [true] but found [false],
Expected:Error: This country is not supported for address validation. Only US and Canadian addresses can be validated at this time.And Actual:Line 1: UNIT 23152, City: APO, State/Region: AE, Postal Code: 09067-3152, Country: US expected [true] but found [false]
at TestCases.Regression.ThirdPartyAddressValidation.addressValidationforInvalidAddress(ThirdPartyAddressValidation.java:193)
at TestCases.Regression.ThirdPartyAddressValidation.TestCase165_NonUS_NonCANAddress(ThirdPartyAddressValidation.java:62)
... Removed 26 stack frames]]>
    </failure>
  </testcase> <!-- TestCase165_NonUS_NonCANAddress -->
  <testcase name="TestCase166_AddressOutOfRange" time="221.119" classname="TestCases.Regression.ThirdPartyAddressValidation">
    <failure type="java.lang.AssertionError" message="The following asserts failed:
	Expected:Error: The address was found but the street number in the input address was not between the low and high range of the post office database.	And Actual:Error: This country is not supported for address validation. Only US and Canadian addresses can be validated at this time. expected [true] but found [false],
	Expected:Error: The address was found but the street number in the input address was not between the low and high range of the post office database.	And Actual:Error: This country is not supported for address validation. Only US and Canadian addresses can be validated at this time. expected [true] but found [false]">
      <![CDATA[java.lang.AssertionError: The following asserts failed:
Expected:Error: The address was found but the street number in the input address was not between the low and high range of the post office database.And Actual:Error: This country is not supported for address validation. Only US and Canadian addresses can be validated at this time. expected [true] but found [false],
Expected:Error: The address was found but the street number in the input address was not between the low and high range of the post office database.And Actual:Error: This country is not supported for address validation. Only US and Canadian addresses can be validated at this time. expected [true] but found [false]
at TestCases.Regression.ThirdPartyAddressValidation.addressValidationforInvalidAddress(ThirdPartyAddressValidation.java:193)
at TestCases.Regression.ThirdPartyAddressValidation.TestCase166_AddressOutOfRange(ThirdPartyAddressValidation.java:67)
... Removed 26 stack frames]]>
    </failure>
  </testcase> <!-- TestCase166_AddressOutOfRange -->
  <testcase name="TestCase167_UnknownStreet" time="220.472" classname="TestCases.Regression.ThirdPartyAddressValidation">
    <failure type="java.lang.AssertionError" message="The following asserts failed:
	Expected:Error: An exact street name match could not be found and phonetically matching the street name resulted in either no matches or matches to more than one street name.	And Actual:Error: The address was found but the street number in the input address was not between the low and high range of the post office database. expected [true] but found [false],
	Expected:Error: An exact street name match could not be found and phonetically matching the street name resulted in either no matches or matches to more than one street name.	And Actual:Error: The address was found but the street number in the input address was not between the low and high range of the post office database. expected [true] but found [false]">
      <![CDATA[java.lang.AssertionError: The following asserts failed:
Expected:Error: An exact street name match could not be found and phonetically matching the street name resulted in either no matches or matches to more than one street name.And Actual:Error: The address was found but the street number in the input address was not between the low and high range of the post office database. expected [true] but found [false],
Expected:Error: An exact street name match could not be found and phonetically matching the street name resulted in either no matches or matches to more than one street name.And Actual:Error: The address was found but the street number in the input address was not between the low and high range of the post office database. expected [true] but found [false]
at TestCases.Regression.ThirdPartyAddressValidation.addressValidationforInvalidAddress(ThirdPartyAddressValidation.java:193)
at TestCases.Regression.ThirdPartyAddressValidation.TestCase167_UnknownStreet(ThirdPartyAddressValidation.java:72)
... Removed 26 stack frames]]>
    </failure>
  </testcase> <!-- TestCase167_UnknownStreet -->
  <testcase name="TestCase168_NonDeliverableAddress" time="223.866" classname="TestCases.Regression.ThirdPartyAddressValidation">
    <failure type="java.lang.AssertionError" message="The following asserts failed:
	Expected:Error: Address cannot be geocoded.	And Actual:Error: An exact street name match could not be found and phonetically matching the street name resulted in either no matches or matches to more than one street name. expected [true] but found [false],
	Expected:Error: Address cannot be geocoded.	And Actual:Error: An exact street name match could not be found and phonetically matching the street name resulted in either no matches or matches to more than one street name. expected [true] but found [false]">
      <![CDATA[java.lang.AssertionError: The following asserts failed:
Expected:Error: Address cannot be geocoded.And Actual:Error: An exact street name match could not be found and phonetically matching the street name resulted in either no matches or matches to more than one street name. expected [true] but found [false],
Expected:Error: Address cannot be geocoded.And Actual:Error: An exact street name match could not be found and phonetically matching the street name resulted in either no matches or matches to more than one street name. expected [true] but found [false]
at TestCases.Regression.ThirdPartyAddressValidation.addressValidationforInvalidAddress(ThirdPartyAddressValidation.java:193)
at TestCases.Regression.ThirdPartyAddressValidation.TestCase168_NonDeliverableAddress(ThirdPartyAddressValidation.java:77)
... Removed 26 stack frames]]>
    </failure>
  </testcase> <!-- TestCase168_NonDeliverableAddress -->
  <testcase name="TestCase169_CityError" time="220.247" classname="TestCases.Regression.ThirdPartyAddressValidation"/>
</testsuite> <!-- ThirdPartyAddressValidation -->
