<?xml version="1.0" encoding="UTF-8"?>
<!-- Generated by org.testng.reporters.JUnitXMLReporter -->
<testsuite hostname="Av-Pn-Neha" ignored="7" name="ThirdPartyAddressValidation5" tests="1" failures="1" timestamp="18 Oct 2019 05:03:28 GMT" time="148.882" errors="0">
  <testcase name="TestCase162_USAddressValidated" time="128.451" classname="TestCases.Regression.ThirdPartyAddressValidation">
    <failure type="java.lang.AssertionError" message="The following asserts failed:
	Orders Expected:Line 1: 2131 N 14TH ST STE 100, City: MILWAUKEE, State/Region: WI, Postal Code: 53205, Country: US	And Actual:Error: Address validation is not enabled in configuration expected [true] but found [false],
	Orders Expected:Line 1: 2131 N 14TH ST STE 100, City: MILWAUKEE, State/Region: WI, Postal Code: 53205, Country: US	And Actual:Error: Address validation is not enabled in configuration expected [true] but found [false],
	ACcs Expected:Line 1: 2131 N 14TH ST STE 100, City: MILWAUKEE, State/Region: WI, Postal Code: 53205, Country: US	And Actual:Error: Address validation is not enabled in configuration expected [true] but found [false],
	ACcs Expected:Line 1: 2131 N 14TH ST STE 100, City: MILWAUKEE, State/Region: WI, Postal Code: 53205, Country: US	And Actual:Error: Address validation is not enabled in configuration expected [true] but found [false],
	newQuote Expected:Line 1: 2131 N 14TH ST STE 100, City: MILWAUKEE, State/Region: WI, Postal Code: 53205, Country: US	And Actual:Error: Address validation is not enabled in configuration expected [true] but found [false],
	newQuote Expected:Line 1: 2131 N 14TH ST STE 100, City: MILWAUKEE, State/Region: WI, Postal Code: 53205, Country: US	And Actual:Error: Address validation is not enabled in configuration expected [true] but found [false]">
      <![CDATA[java.lang.AssertionError: The following asserts failed:
Orders Expected:Line 1: 2131 N 14TH ST STE 100, City: MILWAUKEE, State/Region: WI, Postal Code: 53205, Country: USAnd Actual:Error: Address validation is not enabled in configuration expected [true] but found [false],
Orders Expected:Line 1: 2131 N 14TH ST STE 100, City: MILWAUKEE, State/Region: WI, Postal Code: 53205, Country: USAnd Actual:Error: Address validation is not enabled in configuration expected [true] but found [false],
ACcs Expected:Line 1: 2131 N 14TH ST STE 100, City: MILWAUKEE, State/Region: WI, Postal Code: 53205, Country: USAnd Actual:Error: Address validation is not enabled in configuration expected [true] but found [false],
ACcs Expected:Line 1: 2131 N 14TH ST STE 100, City: MILWAUKEE, State/Region: WI, Postal Code: 53205, Country: USAnd Actual:Error: Address validation is not enabled in configuration expected [true] but found [false],
newQuote Expected:Line 1: 2131 N 14TH ST STE 100, City: MILWAUKEE, State/Region: WI, Postal Code: 53205, Country: USAnd Actual:Error: Address validation is not enabled in configuration expected [true] but found [false],
newQuote Expected:Line 1: 2131 N 14TH ST STE 100, City: MILWAUKEE, State/Region: WI, Postal Code: 53205, Country: USAnd Actual:Error: Address validation is not enabled in configuration expected [true] but found [false]
at TestCases.Regression.ThirdPartyAddressValidation.addressValidation(ThirdPartyAddressValidation.java:136)
at TestCases.Regression.ThirdPartyAddressValidation.TestCase162_USAddressValidated(ThirdPartyAddressValidation.java:48)
... Removed 26 stack frames]]>
    </failure>
  </testcase> <!-- TestCase162_USAddressValidated -->
  <testcase name="TestCase163_CANAddressValidated" time="0.0" classname="TestCases.Regression.ThirdPartyAddressValidation">
    <ignored/>
  </testcase> <!-- TestCase163_CANAddressValidated -->
  <testcase name="TestCase169_CityError" time="0.0" classname="TestCases.Regression.ThirdPartyAddressValidation">
    <ignored/>
  </testcase> <!-- TestCase169_CityError -->
  <testcase name="TestCase166_AddressOutOfRange" time="0.0" classname="TestCases.Regression.ThirdPartyAddressValidation">
    <ignored/>
  </testcase> <!-- TestCase166_AddressOutOfRange -->
  <testcase name="TestCase168_NonDeliverableAddress" time="0.0" classname="TestCases.Regression.ThirdPartyAddressValidation">
    <ignored/>
  </testcase> <!-- TestCase168_NonDeliverableAddress -->
  <testcase name="TestCase164_MilitaryAddressValidated" time="0.0" classname="TestCases.Regression.ThirdPartyAddressValidation">
    <ignored/>
  </testcase> <!-- TestCase164_MilitaryAddressValidated -->
  <testcase name="TestCase165_NonUS_NonCANAddress" time="0.0" classname="TestCases.Regression.ThirdPartyAddressValidation">
    <ignored/>
  </testcase> <!-- TestCase165_NonUS_NonCANAddress -->
  <testcase name="TestCase167_UnknownStreet" time="0.0" classname="TestCases.Regression.ThirdPartyAddressValidation">
    <ignored/>
  </testcase> <!-- TestCase167_UnknownStreet -->
</testsuite> <!-- ThirdPartyAddressValidation5 -->
