<?xml version="1.0" encoding="UTF-8"?>
<!-- Generated by org.testng.reporters.JUnitXMLReporter -->
<testsuite hostname="Av-Pn-Neha" ignored="0" name="UPC" tests="5" failures="0" timestamp="23 Apr 2018 07:26:14 GMT" time="976.087" errors="0">
  <testcase name="TestCase30_MappedTaxCode" time="219.864" classname="TestCases.Regression.SalesForce_UPC_Code"/>
  <testcase name="TestCase31_MappedUPCCode_ValidUPCcode" time="185.534" classname="TestCases.Regression.SalesForce_UPC_Code"/>
  <testcase name="TestCase32_MappedUPCCode_InvalidUPCcode" time="184.502" classname="TestCases.Regression.SalesForce_UPC_Code"/>
  <testcase name="TestCase33_MappedValidUPCCodeValidTaxcode" time="186.099" classname="TestCases.Regression.SalesForce_UPC_Code"/>
  <testcase name="TestCase34_MappedValidUPCCodeInValidTaxcode" time="189.151" classname="TestCases.Regression.SalesForce_UPC_Code"/>
</testsuite> <!-- UPC -->
