<?xml version="1.0" encoding="UTF-8"?>
<!-- Generated by org.testng.reporters.JUnitXMLReporter -->
<testsuite hostname="AV-PN-NEHAP" ignored="0" name="UPC_Code" tests="3" failures="0" timestamp="07 Jan 2021 15:12:17 GMT" time="444.896" errors="0">
  <testcase name="TestCase45_ValidUPCcode_2036302_TaxcodeSettingDisabled" time="127.852" classname="TestCases.Regression.UPC_Code"/>
  <testcase name="TestCase46_InvalidUPCcode_TaxcodeSettingDisabled" time="134.199" classname="TestCases.Regression.UPC_Code"/>
  <testcase name="TestCase49_MappedUPCCode_GreaterThan_50Char" time="145.763" classname="TestCases.Regression.UPC_Code"/>
</testsuite> <!-- UPC_Code -->
