<?xml version="1.0" encoding="UTF-8"?>
<!-- Generated by org.testng.reporters.JUnitXMLReporter -->
<testsuite hostname="AV-PN-NEHAP" ignored="0" name="VAT" tests="7" failures="2" timestamp="25 Sep 2020 15:17:46 GMT" time="1174.71" errors="0">
  <testcase name="TestCase115_Shipto_Germany_Shipfrom_GreatBrighton" time="162.843" classname="TestCases.Regression.VAT">
    <failure type="java.lang.AssertionError" message="The following asserts failed:
	Opportunities Invoice Messaging- Expected:Intra-EU Supply of Goods as per Art. 138 EU VAT Directive 2006/112And Actual:  expected [true] but found [false],
	Opportunities Total Tax Expected:0.00And Actual:160.00 expected [true] but found [false],
	Quotes Expected:0.00And Actual:320.00 expected [true] but found [false],
	Quotes Invoice Messaging- Expected:Intra-EU Supply of Goods as per Art. 138 EU VAT Directive 2006/112And Actual:  expected [Intra-EU Supply of Goods as per Art. 138 EU VAT Directive 2006/112] but found [ ],
	Orders Total-Tax Expected:0.00And Actual:160.00 expected [true] but found [false],
	Orders Invoice Messaging- Expected:Intra-EU Supply of Goods as per Art. 138 EU VAT Directive 2006/112And Actual:  expected [Intra-EU Supply of Goods as per Art. 138 EU VAT Directive 2006/112] but found [ ]">
      <![CDATA[java.lang.AssertionError: The following asserts failed:
Opportunities Invoice Messaging- Expected:Intra-EU Supply of Goods as per Art. 138 EU VAT Directive 2006/112And Actual:  expected [true] but found [false],
Opportunities Total Tax Expected:0.00And Actual:160.00 expected [true] but found [false],
Quotes Expected:0.00And Actual:320.00 expected [true] but found [false],
Quotes Invoice Messaging- Expected:Intra-EU Supply of Goods as per Art. 138 EU VAT Directive 2006/112And Actual:  expected [Intra-EU Supply of Goods as per Art. 138 EU VAT Directive 2006/112] but found [ ],
Orders Total-Tax Expected:0.00And Actual:160.00 expected [true] but found [false],
Orders Invoice Messaging- Expected:Intra-EU Supply of Goods as per Art. 138 EU VAT Directive 2006/112And Actual:  expected [Intra-EU Supply of Goods as per Art. 138 EU VAT Directive 2006/112] but found [ ]
at TestCases.Regression.VAT.calculateVATTax(VAT.java:157)
at TestCases.Regression.VAT.TestCase115_Shipto_Germany_Shipfrom_GreatBrighton(VAT.java:58)
... Removed 26 stack frames]]>
    </failure>
  </testcase> <!-- TestCase115_Shipto_Germany_Shipfrom_GreatBrighton -->
  <testcase name="TestCase116_Shipto_France_Shipfrom_GreatBrighton" time="163.689" classname="TestCases.Regression.VAT">
    <failure type="java.lang.AssertionError" message="The following asserts failed:
	Opportunities Invoice Messaging- Expected:Intra-EU Supply of Goods as per Art. 138 EU VAT Directive 2006/112And Actual:  expected [true] but found [false],
	Opportunities Total Tax Expected:0.00And Actual:200.00 expected [true] but found [false],
	Quotes Expected:0.00And Actual:400.00 expected [true] but found [false],
	Quotes Invoice Messaging- Expected:Intra-EU Supply of Goods as per Art. 138 EU VAT Directive 2006/112And Actual:  expected [Intra-EU Supply of Goods as per Art. 138 EU VAT Directive 2006/112] but found [ ],
	Orders Total-Tax Expected:0.00And Actual:200.00 expected [true] but found [false],
	Orders Invoice Messaging- Expected:Intra-EU Supply of Goods as per Art. 138 EU VAT Directive 2006/112And Actual:  expected [Intra-EU Supply of Goods as per Art. 138 EU VAT Directive 2006/112] but found [ ]">
      <![CDATA[java.lang.AssertionError: The following asserts failed:
Opportunities Invoice Messaging- Expected:Intra-EU Supply of Goods as per Art. 138 EU VAT Directive 2006/112And Actual:  expected [true] but found [false],
Opportunities Total Tax Expected:0.00And Actual:200.00 expected [true] but found [false],
Quotes Expected:0.00And Actual:400.00 expected [true] but found [false],
Quotes Invoice Messaging- Expected:Intra-EU Supply of Goods as per Art. 138 EU VAT Directive 2006/112And Actual:  expected [Intra-EU Supply of Goods as per Art. 138 EU VAT Directive 2006/112] but found [ ],
Orders Total-Tax Expected:0.00And Actual:200.00 expected [true] but found [false],
Orders Invoice Messaging- Expected:Intra-EU Supply of Goods as per Art. 138 EU VAT Directive 2006/112And Actual:  expected [Intra-EU Supply of Goods as per Art. 138 EU VAT Directive 2006/112] but found [ ]
at TestCases.Regression.VAT.calculateVATTax(VAT.java:157)
at TestCases.Regression.VAT.TestCase116_Shipto_France_Shipfrom_GreatBrighton(VAT.java:63)
... Removed 26 stack frames]]>
    </failure>
  </testcase> <!-- TestCase116_Shipto_France_Shipfrom_GreatBrighton -->
  <testcase name="TestCase117_Shipto_US_Shipfrom_GreatBrighton" time="167.26" classname="TestCases.Regression.VAT"/>
  <testcase name="TestCase118_Shipto_GreatBrighton_Shipfrom_US" time="166.206" classname="TestCases.Regression.VAT"/>
  <testcase name="TestCase119_Shipto_US_Shipfrom_US" time="163.958" classname="TestCases.Regression.VAT"/>
  <testcase name="TestCase120_Shipto_AUS_Shipfrom_GreatBrighton" time="164.481" classname="TestCases.Regression.VAT"/>
  <testcase name="TestCase121_Shipto_GreatBrighton_Shipfrom_AUS" time="165.051" classname="TestCases.Regression.VAT"/>
</testsuite> <!-- VAT -->
