<?xml version="1.0" encoding="UTF-8"?>
<!-- Generated by org.testng.reporters.JUnitXMLReporter -->
<testsuite hostname="Av-Pn-Neha" ignored="3" name="AutoTaxCalculation_Trigger" tests="1" failures="1" timestamp="23 Apr 2018 12:19:15 GMT" time="41.922" errors="0">
  <testcase name="SalesForce_CalculateTax_ByTrigger_SalesOrder" time="32.596" classname="TestCases.Regression.SalesForce_CalculateTax_ByTrigger">
    <failure type="java.lang.NullPointerException">
      <![CDATA[java.lang.NullPointerException
	at FunctionalLibrary.functionLibrary.fTaxNowSettingsOption(functionLibrary.java:575)
	at TestCases.Regression.SalesForce_CalculateTax_ByTrigger.SalesForce_CalculateTax_ByTrigger_SalesOrder(SalesForce_CalculateTax_ByTrigger.java:70)
... Removed 25 stack frames]]>
    </failure>
  </testcase> <!-- SalesForce_CalculateTax_ByTrigger_SalesOrder -->
  <testcase name="SalesForce_CalculateTax_ByTrigger_Commit" time="0.0" classname="TestCases.Regression.SalesForce_CalculateTax_ByTrigger">
    <ignored/>
  </testcase> <!-- SalesForce_CalculateTax_ByTrigger_Commit -->
  <testcase name="SalesForce_CalculateTax_ByTrigger_DisableTaxCalc" time="0.0" classname="TestCases.Regression.SalesForce_CalculateTax_ByTrigger">
    <ignored/>
  </testcase> <!-- SalesForce_CalculateTax_ByTrigger_DisableTaxCalc -->
  <testcase name="SalesForce_CalculateTax_ByTrigger_Uncommit" time="0.0" classname="TestCases.Regression.SalesForce_CalculateTax_ByTrigger">
    <ignored/>
  </testcase> <!-- SalesForce_CalculateTax_ByTrigger_Uncommit -->
</testsuite> <!-- AutoTaxCalculation_Trigger -->
