<?xml version="1.0" encoding="UTF-8"?>
<!-- Generated by org.testng.reporters.JUnitXMLReporter -->
<testsuite hostname="AV-PN-NEHAP" ignored="0" name="ExemptionNumber" tests="2" failures="2" timestamp="25 Oct 2021 17:12:26 GMT" time="208.232" errors="0">
  <testcase name="TestCase112_Exemption_Number_TaxCalculation" time="93.323" classname="TestCases.Regression.ExemptionNumber">
    <failure type="java.lang.NullPointerException">
      <![CDATA[java.lang.NullPointerException
at TestCases.Regression.ExemptionNumber.ExemptionValidation(ExemptionNumber.java:92)
at TestCases.Regression.ExemptionNumber.TestCase112_Exemption_Number_TaxCalculation(ExemptionNumber.java:65)
... Removed 25 stack frames]]>
    </failure>
  </testcase> <!-- TestCase112_Exemption_Number_TaxCalculation -->
  <testcase name="TestCase113_Exemption_SpecialChar_TaxCalculation" time="97.665" classname="TestCases.Regression.ExemptionNumber">
    <failure type="java.lang.NullPointerException">
      <![CDATA[java.lang.NullPointerException
at TestCases.Regression.ExemptionNumber.ExemptionValidation(ExemptionNumber.java:92)
at TestCases.Regression.ExemptionNumber.TestCase113_Exemption_SpecialChar_TaxCalculation(ExemptionNumber.java:70)
... Removed 25 stack frames]]>
    </failure>
  </testcase> <!-- TestCase113_Exemption_SpecialChar_TaxCalculation -->
</testsuite> <!-- ExemptionNumber -->
