<?xml version="1.0" encoding="UTF-8"?>
<!-- Generated by org.testng.reporters.JUnitXMLReporter -->
<testsuite hostname="AV-H8MY0V3" ignored="0" name="SalesCloud8.0" tests="3" failures="0" timestamp="2024-01-23T13:11:15 IST" time="592.985" errors="0">
  <testcase name="TestCase45_ValidUPCcode_2036302_TaxcodeSettingDisabled" time="199.655" classname="TestCases.FunctionalAndRegression.UPC_Code"/>
  <testcase name="TestCase46_InvalidUPCcode_TaxcodeSettingDisabled" time="183.75" classname="TestCases.FunctionalAndRegression.UPC_Code"/>
  <testcase name="TestCase49_MappedUPCCode_GreaterThan_50Char" time="188.788" classname="TestCases.FunctionalAndRegression.UPC_Code"/>
</testsuite> <!-- SalesCloud8.0 -->
