<?xml version="1.0" encoding="UTF-8"?>
<!-- Generated by org.testng.reporters.JUnitXMLReporter -->
<testsuite hostname="Av-Pn-Neha" ignored="20" name="SalesForce_CalculateTax_ByTrigger" tests="1" failures="1" timestamp="11 Dec 2018 07:44:58 GMT" time="271.024" errors="0">
  <testcase name="SalesForce_CalculateTax_ByTrigger_ConditionNotmatch_Uncommit_Opportunities" time="195.058" classname="TestCases.Regression.SalesForce_CalculateTax_ByTrigger">
    <failure type="org.openqa.selenium.TimeoutException" message="Expected condition failed: waiting for visibility of element located by By.xpath: //tr[3]/td[4]/div (tried for 60 second(s) with 500 MILLISECONDS interval)">
      <![CDATA[org.openqa.selenium.TimeoutException: Expected condition failed: waiting for visibility of element located by By.xpath: //tr[3]/td[4]/div (tried for 60 second(s) with 500 MILLISECONDS interval)
	at org.openqa.selenium.support.ui.WebDriverWait.timeoutException(WebDriverWait.java:82)
	at org.openqa.selenium.support.ui.FluentWait.until(FluentWait.java:231)
	at GenericFunctionLibrary.genericFunctions.expectvisibilityOfElementLocated(genericFunctions.java:829)
	at GenericFunctionLibrary.genericFunctions.getText(genericFunctions.java:788)
	at FunctionalLibrary.functionLibrary.fVerifyStatusAndTaxOnWindow(functionLibrary.java:931)
	at TestCases.Regression.SalesForce_CalculateTax_ByTrigger.SalesForce_CalculateTax_ByTrigger_ConditionNotmatch_Uncommit_Opportunities(SalesForce_CalculateTax_ByTrigger.java:737)
Caused by: org.openqa.selenium.NoSuchElementException: Cannot locate an element using By.xpath: //tr[3]/td[4]/div
For documentation on this error, please visit: http://seleniumhq.org/exceptions/no_such_element.html
Build info: version: '3.7.0', revision: '2321c73', time: '2017-11-02T22:22:35.584Z'
System info: host: 'AV-PN-NEHA', ip: '10.240.10.64', os.name: 'Windows 10', os.arch: 'amd64', os.version: '10.0', java.version: '1.8.0_144'
Driver info: driver.version: unknown
	at org.openqa.selenium.support.ui.ExpectedConditions.lambda$findElement$0(ExpectedConditions.java:882)
	at java.util.Optional.orElseThrow(Unknown Source)
	at org.openqa.selenium.support.ui.ExpectedConditions.findElement(ExpectedConditions.java:881)
	at org.openqa.selenium.support.ui.ExpectedConditions.access$000(ExpectedConditions.java:43)
	at org.openqa.selenium.support.ui.ExpectedConditions$7.apply(ExpectedConditions.java:205)
	at org.openqa.selenium.support.ui.ExpectedConditions$7.apply(ExpectedConditions.java:201)
	at org.openqa.selenium.support.ui.FluentWait.until(FluentWait.java:208)
	... 29 more
... Removed 25 stack frames]]>
    </failure>
  </testcase> <!-- SalesForce_CalculateTax_ByTrigger_ConditionNotmatch_Uncommit_Opportunities -->
  <testcase name="SalesForce_CalculateTax_ByTrigger_Inactive_Uncommit_Opportunities" time="0.0" classname="TestCases.Regression.SalesForce_CalculateTax_ByTrigger">
    <ignored/>
  </testcase> <!-- SalesForce_CalculateTax_ByTrigger_Inactive_Uncommit_Opportunities -->
  <testcase name="SalesForce_CalculateTax_OnInvalidAddress_ByTrigger_Orders" time="0.0" classname="TestCases.Regression.SalesForce_CalculateTax_ByTrigger">
    <ignored/>
  </testcase> <!-- SalesForce_CalculateTax_OnInvalidAddress_ByTrigger_Orders -->
  <testcase name="SalesForce_CalculateTax_OnInvalidAddress_ByTrigger_Opportunities" time="0.0" classname="TestCases.Regression.SalesForce_CalculateTax_ByTrigger">
    <ignored/>
  </testcase> <!-- SalesForce_CalculateTax_OnInvalidAddress_ByTrigger_Opportunities -->
  <testcase name="SalesForce_CalculateTax_ByTrigger_Commit_Opportunities" time="0.0" classname="TestCases.Regression.SalesForce_CalculateTax_ByTrigger">
    <ignored/>
  </testcase> <!-- SalesForce_CalculateTax_ByTrigger_Commit_Opportunities -->
  <testcase name="SalesForce_CalculateTax_ByTrigger_ConditionNotmatch_Uncommit__Orders" time="0.0" classname="TestCases.Regression.SalesForce_CalculateTax_ByTrigger">
    <ignored/>
  </testcase> <!-- SalesForce_CalculateTax_ByTrigger_ConditionNotmatch_Uncommit__Orders -->
  <testcase name="SalesForce_CalculateTax_ByTrigger_Uncommit_Quotes" time="0.0" classname="TestCases.Regression.SalesForce_CalculateTax_ByTrigger">
    <ignored/>
  </testcase> <!-- SalesForce_CalculateTax_ByTrigger_Uncommit_Quotes -->
  <testcase name="SalesForce_CalculateTax_ByTrigger_ConditionNotmatch_Uncommit_Quotes" time="0.0" classname="TestCases.Regression.SalesForce_CalculateTax_ByTrigger">
    <ignored/>
  </testcase> <!-- SalesForce_CalculateTax_ByTrigger_ConditionNotmatch_Uncommit_Quotes -->
  <testcase name="SalesForce_CalculateTax_DisableTaxCalcSettings_ByTrigger_Quotes" time="0.0" classname="TestCases.Regression.SalesForce_CalculateTax_ByTrigger">
    <ignored/>
  </testcase> <!-- SalesForce_CalculateTax_DisableTaxCalcSettings_ByTrigger_Quotes -->
  <testcase name="SalesForce_CalculateTax_ByTrigger_Inactive_Uncommit__Orders" time="0.0" classname="TestCases.Regression.SalesForce_CalculateTax_ByTrigger">
    <ignored/>
  </testcase> <!-- SalesForce_CalculateTax_ByTrigger_Inactive_Uncommit__Orders -->
  <testcase name="SalesForce_CalculateTax_ByTrigger_Commit_Quotes" time="0.0" classname="TestCases.Regression.SalesForce_CalculateTax_ByTrigger">
    <ignored/>
  </testcase> <!-- SalesForce_CalculateTax_ByTrigger_Commit_Quotes -->
  <testcase name="SalesForce_CalculateTax_DisableTaxCalcSettings_ByTrigger_Opportunities" time="0.0" classname="TestCases.Regression.SalesForce_CalculateTax_ByTrigger">
    <ignored/>
  </testcase> <!-- SalesForce_CalculateTax_DisableTaxCalcSettings_ByTrigger_Opportunities -->
  <testcase name="SalesForce_CalculateTax_ByTrigger_SalesOrder_Orders" time="0.0" classname="TestCases.Regression.SalesForce_CalculateTax_ByTrigger">
    <ignored/>
  </testcase> <!-- SalesForce_CalculateTax_ByTrigger_SalesOrder_Orders -->
  <testcase name="SalesForce_CalculateTax_OnInvalidAddress_ByTrigger_Quotes" time="0.0" classname="TestCases.Regression.SalesForce_CalculateTax_ByTrigger">
    <ignored/>
  </testcase> <!-- SalesForce_CalculateTax_OnInvalidAddress_ByTrigger_Quotes -->
  <testcase name="SalesForce_CalculateTax_ByTrigger_Inactive_Uncommit_Quotes" time="0.0" classname="TestCases.Regression.SalesForce_CalculateTax_ByTrigger">
    <ignored/>
  </testcase> <!-- SalesForce_CalculateTax_ByTrigger_Inactive_Uncommit_Quotes -->
  <testcase name="SalesForce_CalculateTax_ByTrigger_SalesOrder_Opportunities" time="0.0" classname="TestCases.Regression.SalesForce_CalculateTax_ByTrigger">
    <ignored/>
  </testcase> <!-- SalesForce_CalculateTax_ByTrigger_SalesOrder_Opportunities -->
  <testcase name="SalesForce_CalculateTax_ByTrigger_Commit_Orders" time="0.0" classname="TestCases.Regression.SalesForce_CalculateTax_ByTrigger">
    <ignored/>
  </testcase> <!-- SalesForce_CalculateTax_ByTrigger_Commit_Orders -->
  <testcase name="SalesForce_CalculateTax_ByTrigger_Uncommit_Opportunities" time="0.0" classname="TestCases.Regression.SalesForce_CalculateTax_ByTrigger">
    <ignored/>
  </testcase> <!-- SalesForce_CalculateTax_ByTrigger_Uncommit_Opportunities -->
  <testcase name="SalesForce_CalculateTax_ByTrigger_SalesOrder_Quotes" time="0.0" classname="TestCases.Regression.SalesForce_CalculateTax_ByTrigger">
    <ignored/>
  </testcase> <!-- SalesForce_CalculateTax_ByTrigger_SalesOrder_Quotes -->
  <testcase name="SalesForce_CalculateTax_ByTrigger_Uncommit__Orders" time="0.0" classname="TestCases.Regression.SalesForce_CalculateTax_ByTrigger">
    <ignored/>
  </testcase> <!-- SalesForce_CalculateTax_ByTrigger_Uncommit__Orders -->
  <testcase name="SalesForce_CalculateTax_DisableTaxCalcSettings_ByTrigger_Orders" time="0.0" classname="TestCases.Regression.SalesForce_CalculateTax_ByTrigger">
    <ignored/>
  </testcase> <!-- SalesForce_CalculateTax_DisableTaxCalcSettings_ByTrigger_Orders -->
</testsuite> <!-- SalesForce_CalculateTax_ByTrigger -->
