<?xml version="1.0" encoding="UTF-8"?>
<!-- Generated by org.testng.reporters.JUnitXMLReporter -->
<testsuite hostname="Av-Pn-Neha" ignored="0" name="SalesForce_MISC_Charges" tests="2" failures="0" timestamp="11 Dec 2018 05:54:56 GMT" time="260.33" errors="0">
  <testcase name="TestCase100_Shipping_Charges" time="132.788" classname="TestCases.Regression.SalesForce_MISC_Charges"/>
  <testcase name="TestCase101_Shipping_Handling_with_Freight_code" time="118.577" classname="TestCases.Regression.SalesForce_MISC_Charges"/>
</testsuite> <!-- SalesForce_MISC_Charges -->
