<?xml version="1.0" encoding="UTF-8"?>
<!-- Generated by org.testng.reporters.JUnitXMLReporter -->
<testsuite hostname="AV-PN-NEHAP" ignored="0" name="ShippingAndHandling" tests="2" failures="1" timestamp="25 Oct 2021 17:17:54 GMT" time="142.679" errors="0">
  <testcase name="ShippingAndHandling_Quote" time="126.278" classname="TestCases.Regression.ShippingAndHandling">
    <failure type="java.lang.NullPointerException">
      <![CDATA[java.lang.NullPointerException
at TestCases.Regression.ShippingAndHandling.Calculation(ShippingAndHandling.java:132)
at TestCases.Regression.ShippingAndHandling.ShippingAndHandling_Quote(ShippingAndHandling.java:90)
... Removed 25 stack frames]]>
    </failure>
  </testcase> <!-- ShippingAndHandling_Quote -->
  <testcase name="ShippingAndHandling_Order" time="0.005" classname="TestCases.Regression.ShippingAndHandling"/>
</testsuite> <!-- ShippingAndHandling -->
