<?xml version="1.0" encoding="UTF-8"?>
<!-- Generated by org.testng.reporters.JUnitXMLReporter -->
<testsuite hostname="AV-PN-NEHAP" ignored="0" name="Tax_Override" tests="9" failures="0" timestamp="25 Oct 2021 16:36:36 GMT" time="1052.636" errors="0">
  <testcase name="testCaseC1598160_SalesTaxAmountOverride_Opportunity" time="112.924" classname="TestCases.Regression.Tax_Override"/>
  <testcase name="testCaseC1599617_SalesTaxAmountOverride_Quotes" time="134.19" classname="TestCases.Regression.Tax_Override"/>
  <testcase name="testCaseC1600120_SalesTaxAmountOverride_Orders" time="100.436" classname="TestCases.Regression.Tax_Override"/>
  <testcase name="testCaseC1598163_TaxOverrideDisabledAtLine_Opportunity" time="115.035" classname="TestCases.Regression.Tax_Override"/>
  <testcase name="testCaseC1599620_TaxOverrideDisabledAtLine_Quotes" time="137.243" classname="TestCases.Regression.Tax_Override"/>
  <testcase name="testCaseC1600152_TaxOverrideDisabledAtLine_Orders" time="97.812" classname="TestCases.Regression.Tax_Override"/>
  <testcase name="testCaseC1598164_TaxOverrideDisabledAtConfig_Opportunity" time="112.736" classname="TestCases.Regression.Tax_Override"/>
  <testcase name="testCaseC1599621_TaxOverrideDisabledAtConfig_Quotes" time="128.224" classname="TestCases.Regression.Tax_Override"/>
  <testcase name="testCaseC1600153_TaxOverrideDisabledAtConfig_Orders" time="96.615" classname="TestCases.Regression.Tax_Override"/>
</testsuite> <!-- Tax_Override -->
