<?xml version="1.0" encoding="UTF-8"?>
<!-- Generated by org.testng.reporters.JUnitXMLReporter -->
<testsuite hostname="AV-PN-NEHAP" ignored="0" name="TaxCalc_AdjustTax" tests="1" failures="1" timestamp="25 Oct 2021 16:57:04 GMT" time="162.497" errors="0">
  <testcase name="TaxCalculation_AdjustTax" time="146.241" classname="TestCases.Regression.TaxCalc_AdjustTax">
    <failure type="java.lang.NullPointerException">
      <![CDATA[java.lang.NullPointerException
at TestCases.Regression.TaxCalc_AdjustTax.Test1(TaxCalc_AdjustTax.java:117)
at TestCases.Regression.TaxCalc_AdjustTax.TaxCalculation_AdjustTax(TaxCalc_AdjustTax.java:87)
... Removed 25 stack frames]]>
    </failure>
  </testcase> <!-- TaxCalculation_AdjustTax -->
</testsuite> <!-- TaxCalc_AdjustTax -->
