<?xml version="1.0" encoding="UTF-8"?>
<!-- Generated by org.testng.reporters.JUnitXMLReporter -->
<testsuite hostname="AV-7NV8BC3" ignored="0" name="TaxCode" tests="2" failures="0" timestamp="2023-05-03T14:47:27 IST" time="471.178" errors="0">
  <testcase name="TestCase40_TaxcodeNT" time="205.596" classname="TestCases.FunctionalAndRegression.TaxCode"/>
  <testcase name="TestCase43_Line1_TC1_Line2_TCFR_MultipleLines" time="241.056" classname="TestCases.FunctionalAndRegression.TaxCode"/>
</testsuite> <!-- TaxCode -->
