<?xml version="1.0" encoding="UTF-8"?>
<!-- Generated by org.testng.reporters.JUnitXMLReporter -->
<testsuite hostname="AV-PN-NEHAP" ignored="0" name="TaxCalculation" tests="6" failures="6" timestamp="29 Nov 2021 10:39:35 GMT" time="1134.51" errors="0">
  <testcase name="TestCase1_EnableTaxCalc_ACc_PrimaryShipToAddressUncommit" time="208.081" classname="TestCases.Regression.TaxCalculation">
    <failure type="java.lang.AssertionError" message="The following asserts failed:
	OpportuntiesPostGetTax Expected:Temporary And Actual:Saved expected [true] but found [false]">
      <![CDATA[java.lang.AssertionError: The following asserts failed:
OpportuntiesPostGetTax Expected:Temporary And Actual:Saved expected [true] but found [false]
at TestCases.Regression.TaxCalculation.EnableTaxCalc_ACc_Primary(TaxCalculation.java:240)
at TestCases.Regression.TaxCalculation.TestCase1_EnableTaxCalc_ACc_PrimaryShipToAddressUncommit(TaxCalculation.java:88)
... Removed 26 stack frames]]>
    </failure>
  </testcase> <!-- TestCase1_EnableTaxCalc_ACc_PrimaryShipToAddressUncommit -->
  <testcase name="TestCase2_EnableTaxCalc_Quotes_PrimaryShipToAddressUncommit" time="156.699" classname="TestCases.Regression.TaxCalculation">
    <failure type="java.lang.AssertionError" message="The following asserts failed:
	OpportuntiesPostGetTax Expected:Temporary And Actual:Saved expected [true] but found [false]">
      <![CDATA[java.lang.AssertionError: The following asserts failed:
OpportuntiesPostGetTax Expected:Temporary And Actual:Saved expected [true] but found [false]
at TestCases.Regression.TaxCalculation.EnableTaxCalc_Quotes_Primary(TaxCalculation.java:310)
at TestCases.Regression.TaxCalculation.TestCase2_EnableTaxCalc_Quotes_PrimaryShipToAddressUncommit(TaxCalculation.java:93)
... Removed 26 stack frames]]>
    </failure>
  </testcase> <!-- TestCase2_EnableTaxCalc_Quotes_PrimaryShipToAddressUncommit -->
  <testcase name="TestCase3_EnableTaxCalc_Quotes_PrimaryBillToAddressUncommit" time="162.752" classname="TestCases.Regression.TaxCalculation">
    <failure type="java.lang.AssertionError" message="The following asserts failed:
	OpportuntiesPostGetTax Expected:Temporary And Actual:Saved expected [true] but found [false]">
      <![CDATA[java.lang.AssertionError: The following asserts failed:
OpportuntiesPostGetTax Expected:Temporary And Actual:Saved expected [true] but found [false]
at TestCases.Regression.TaxCalculation.EnableTaxCalc_Quotes_Primary(TaxCalculation.java:310)
at TestCases.Regression.TaxCalculation.TestCase3_EnableTaxCalc_Quotes_PrimaryBillToAddressUncommit(TaxCalculation.java:98)
... Removed 26 stack frames]]>
    </failure>
  </testcase> <!-- TestCase3_EnableTaxCalc_Quotes_PrimaryBillToAddressUncommit -->
  <testcase name="TestCase4_EnableTaxCalc_Order_PrimaryShipToAddressUncommit" time="189.749" classname="TestCases.Regression.TaxCalculation">
    <failure type="java.lang.AssertionError" message="The following asserts failed:
	OpportuntiesPostGetTax Expected:Temporary And Actual:Saved expected [true] but found [false]">
      <![CDATA[java.lang.AssertionError: The following asserts failed:
OpportuntiesPostGetTax Expected:Temporary And Actual:Saved expected [true] but found [false]
at TestCases.Regression.TaxCalculation.EnableTaxCalc_Order_Primary(TaxCalculation.java:372)
at TestCases.Regression.TaxCalculation.TestCase4_EnableTaxCalc_Order_PrimaryShipToAddressUncommit(TaxCalculation.java:104)
... Removed 26 stack frames]]>
    </failure>
  </testcase> <!-- TestCase4_EnableTaxCalc_Order_PrimaryShipToAddressUncommit -->
  <testcase name="TestCase5_EnableTaxCalc_Order_PrimaryBillToAddressUncommit" time="188.697" classname="TestCases.Regression.TaxCalculation">
    <failure type="java.lang.AssertionError" message="The following asserts failed:
	OpportuntiesPostGetTax Expected:Temporary And Actual:Saved expected [true] but found [false]">
      <![CDATA[java.lang.AssertionError: The following asserts failed:
OpportuntiesPostGetTax Expected:Temporary And Actual:Saved expected [true] but found [false]
at TestCases.Regression.TaxCalculation.EnableTaxCalc_Order_Primary(TaxCalculation.java:372)
at TestCases.Regression.TaxCalculation.TestCase5_EnableTaxCalc_Order_PrimaryBillToAddressUncommit(TaxCalculation.java:109)
... Removed 26 stack frames]]>
    </failure>
  </testcase> <!-- TestCase5_EnableTaxCalc_Order_PrimaryBillToAddressUncommit -->
  <testcase name="TestCase6_EnableTaxCalc_ACc_WithMultiLine" time="209.265" classname="TestCases.Regression.TaxCalculation">
    <failure type="java.lang.AssertionError" message="The following asserts failed:
	OpportuntiesPostGetTax Expected:TemporaryAnd Actual:Saved expected [true] but found [false]">
      <![CDATA[java.lang.AssertionError: The following asserts failed:
OpportuntiesPostGetTax Expected:TemporaryAnd Actual:Saved expected [true] but found [false]
at TestCases.Regression.TaxCalculation.taxCalcValidationWithMultiLine(TaxCalculation.java:511)
at TestCases.Regression.TaxCalculation.TestCase6_EnableTaxCalc_ACc_WithMultiLine(TaxCalculation.java:115)
... Removed 26 stack frames]]>
    </failure>
  </testcase> <!-- TestCase6_EnableTaxCalc_ACc_WithMultiLine -->
</testsuite> <!-- TaxCalculation -->
