<?xml version="1.0" encoding="UTF-8"?>
<!-- Generated by org.testng.reporters.JUnitXMLReporter -->
<testsuite hostname="AV-7NV8BC3" ignored="0" name="ThirdPartyTaxCalculation" tests="13" failures="1" timestamp="2023-05-03T13:48:20 IST" time="2754.392" errors="0">
  <testcase name="TestCase150_TestRatesCO1" time="192.41" classname="TestCases.FunctionalAndRegression.ThirdPartyTaxCalculation"/>
  <testcase name="TestCase151_TestRatesWA2" time="179.096" classname="TestCases.FunctionalAndRegression.ThirdPartyTaxCalculation"/>
  <testcase name="TestCase152_TypeRule4" time="175.366" classname="TestCases.FunctionalAndRegression.ThirdPartyTaxCalculation"/>
  <testcase name="TestCase153_TestRatesCA3_TaxCalculationWithMulti_Line" time="248.201" classname="TestCases.FunctionalAndRegression.ThirdPartyTaxCalculation">
    <failure type="java.lang.AssertionError" message="The following asserts failed:
	Opportunities Expected:145.00And Actual:205.00 expected [true] but found [false],
	Quotes Expected:290.00And Actual:410.00 expected [true] but found [false],
	Orders Expected:145.00And Actual:205.00 expected [true] but found [false]">
      <![CDATA[java.lang.AssertionError: The following asserts failed:
Opportunities Expected:145.00And Actual:205.00 expected [true] but found [false],
Quotes Expected:290.00And Actual:410.00 expected [true] but found [false],
Orders Expected:145.00And Actual:205.00 expected [true] but found [false]
at TestCases.FunctionalAndRegression.ThirdPartyTaxCalculation.taxCalcValidationWithMultiLine(ThirdPartyTaxCalculation.java:262)
at TestCases.FunctionalAndRegression.ThirdPartyTaxCalculation.TestCase153_TestRatesCA3_TaxCalculationWithMulti_Line(ThirdPartyTaxCalculation.java:72)
at java.util.ArrayList.forEach(ArrayList.java:1257)
... Removed 29 stack frames]]>
    </failure>
  </testcase> <!-- TestCase153_TestRatesCA3_TaxCalculationWithMulti_Line -->
  <testcase name="TestCase154_Sourcing10" time="179.455" classname="TestCases.FunctionalAndRegression.ThirdPartyTaxCalculation"/>
  <testcase name="TestCase155_Sourcing10" time="177.996" classname="TestCases.FunctionalAndRegression.ThirdPartyTaxCalculation"/>
  <testcase name="TestCase156_TestRatesCO1" time="176.302" classname="TestCases.FunctionalAndRegression.ThirdPartyTaxCalculation"/>
  <testcase name="TestCase157_TestRatesCO1" time="177.493" classname="TestCases.FunctionalAndRegression.ThirdPartyTaxCalculation"/>
  <testcase name="TestCase158_TestRatesCO1" time="179.051" classname="TestCases.FunctionalAndRegression.ThirdPartyTaxCalculation"/>
  <testcase name="TestCase159_Error_generated_case" time="238.165" classname="TestCases.FunctionalAndRegression.ThirdPartyTaxCalculation"/>
  <testcase name="TestCase160_Tiered_Case" time="269.698" classname="TestCases.FunctionalAndRegression.ThirdPartyTaxCalculation"/>
  <testcase name="TestCase161_CapsCase" time="269.433" classname="TestCases.FunctionalAndRegression.ThirdPartyTaxCalculation"/>
  <testcase name="TestCase162_TaxCalcwithExemption" time="271.794" classname="TestCases.FunctionalAndRegression.ThirdPartyTaxCalculation"/>
</testsuite> <!-- ThirdPartyTaxCalculation -->
