<?xml version="1.0" encoding="UTF-8"?>
<!-- Generated by org.testng.reporters.JUnitXMLReporter -->
<testsuite hostname="AV-7NV8BC3" ignored="0" name="VAT" tests="2" failures="0" timestamp="2023-05-03T15:20:25 IST" time="253.291" errors="0">
  <testcase name="TestCase115_Shipto_Germany_Shipfrom_GreatBrighton" time="119.109" classname="TestCases.FunctionalAndRegression.VAT"/>
  <testcase name="TestCase116_Shipto_France_Shipfrom_GreatBrighton" time="110.67" classname="TestCases.FunctionalAndRegression.VAT"/>
</testsuite> <!-- VAT -->
